Using pre-set license
Built from '2020.2/staging' branch; Version is '2020.2.3f1 (8ff31bc5bf5b) revision 9433883'; Using compiler version '192528614'; Build Type 'Release'
OS: 'Windows 10 Home; OS build 22621.1992; Version 2009; 64bit' Language: 'ru' Physical Memory: 15740 MB
BatchMode: 1, IsHumanControllingUs: 0, StartBugReporterOnCrash: 0, Is64bit: 1, IsPro: 0

 COMMAND LINE ARGUMENTS:
C:\Program Files\Unity\Hub\Editor\2020.2.3f1\Editor\Unity.exe
-adb2
-batchMode
-noUpm
-name
AssetImportWorker1
-projectPath
C:/Users/dimon/PycharmProjects/pythonProject/Test_Archero/My project (2)
-logFile
Logs/AssetImportWorker1.log
-srvPort
61609
Successfully changed project path to: C:/Users/dimon/PycharmProjects/pythonProject/Test_Archero/My project (2)
C:/Users/dimon/PycharmProjects/pythonProject/Test_Archero/My project (2)
Using Asset Import Pipeline V2.
Refreshing native plugins compatible for Editor in 29.95 ms, found 0 plugins.
Preloading 0 native plugins for Editor in 0.00 ms.
Initialize engine version: 2020.2.3f1 (8ff31bc5bf5b)
[Subsystems] Discovering subsystems at path C:/Program Files/Unity/Hub/Editor/2020.2.3f1/Editor/Data/Resources/UnitySubsystems
[Subsystems] Discovering subsystems at path C:/Users/dimon/PycharmProjects/pythonProject/Test_Archero/My project (2)/Assets
GfxDevice: creating device client; threaded=0
Direct3D:
    Version:  Direct3D 11.0 [level 11.1]
    Renderer: NVIDIA GeForce RTX 3050 Laptop GPU (ID=0x25a2)
    Vendor:   
    VRAM:     3991 MB
    Driver:   27.21.14.6275
Initialize mono
Mono path[0] = 'C:/Program Files/Unity/Hub/Editor/2020.2.3f1/Editor/Data/Managed'
Mono path[1] = 'C:/Program Files/Unity/Hub/Editor/2020.2.3f1/Editor/Data/MonoBleedingEdge/lib/mono/unityjit'
Mono config path = 'C:/Program Files/Unity/Hub/Editor/2020.2.3f1/Editor/Data/MonoBleedingEdge/etc'
Using monoOptions --debugger-agent=transport=dt_socket,embedding=1,server=y,suspend=n,address=127.0.0.1:56256
Begin MonoManager ReloadAssembly
Registering precompiled unity dll's ...
Register platform support module: C:/Program Files/Unity/Hub/Editor/2020.2.3f1/Editor/Data/PlaybackEngines/WebGLSupport/UnityEditor.WebGL.Extensions.dll
Register platform support module: C:/Program Files/Unity/Hub/Editor/2020.2.3f1/Editor/Data/PlaybackEngines/WindowsStandaloneSupport/UnityEditor.WindowsStandalone.Extensions.dll
Registered in 0.001453 seconds.
Native extension for WindowsStandalone target not found
Native extension for WebGL target not found
Refreshing native plugins compatible for Editor in 20.80 ms, found 0 plugins.
Preloading 0 native plugins for Editor in 0.00 ms.
Invoked RoslynAnalysisRunner static constructor.
RoslynAnalysisRunner will not be running.
RoslynAnalysisRunner has terminated.
Mono: successfully reloaded assembly
- Completed reload, in  2.170 seconds
Platform modules already initialized, skipping
Registering precompiled user dll's ...
Registered in 0.000472 seconds.
Begin MonoManager ReloadAssembly
Native extension for WindowsStandalone target not found
Native extension for WebGL target not found
Refreshing native plugins compatible for Editor in 0.22 ms, found 0 plugins.
Preloading 0 native plugins for Editor in 0.00 ms.
Invoked RoslynAnalysisRunner static constructor.
RoslynAnalysisRunner will not be running.
RoslynAnalysisRunner has terminated.
Mono: successfully reloaded assembly
- Completed reload, in  0.577 seconds
Platform modules already initialized, skipping
========================================================================
Worker process is ready to serve import requests
Launched and connected shader compiler UnityShaderCompiler.exe after 0.04 seconds
Refreshing native plugins compatible for Editor in 0.22 ms, found 0 plugins.
Preloading 0 native plugins for Editor in 0.00 ms.
Unloading 1137 Unused Serialized files (Serialized files now loaded: 0)
System memory in use before: 69.5 MB.
System memory in use after: 69.5 MB.

Unloading 10 unused Assets to reduce memory usage. Loaded Objects now: 1597.
Total: 2.636400 ms (FindLiveObjects: 0.309800 ms CreateObjectMapping: 0.051100 ms MarkObjects: 2.171300 ms  DeleteObjects: 0.101900 ms)

========================================================================
Received Import Request.
  path: Assets/_Project/Scripts/Camera/HeroMovementLimiter.cs
  artifactKey: Guid(0024006568180eb47ad1cb2523b996ba) Importer(815301076,1909f56bfc062723c751e8b465ee728b)
Start importing Assets/_Project/Scripts/Camera/HeroMovementLimiter.cs using Guid(0024006568180eb47ad1cb2523b996ba) Importer(815301076,1909f56bfc062723c751e8b465ee728b)  -> (artifact id: '673a946d8f99d76736bbe7054673976a') in 0.029772 seconds
  Import took 0.031750 seconds .

========================================================================
Received Import Request.
  Time since last request: 4.559973 seconds.
  path: Assets/_Project/Scripts/Enemy/EnemySpawner.cs
  artifactKey: Guid(4b60e142d9ac41a429d53137d5ef74e3) Importer(815301076,1909f56bfc062723c751e8b465ee728b)
Start importing Assets/_Project/Scripts/Enemy/EnemySpawner.cs using Guid(4b60e142d9ac41a429d53137d5ef74e3) Importer(815301076,1909f56bfc062723c751e8b465ee728b)  -> (artifact id: 'b88e9d12153ea0d33faaec01e055a189') in 0.002152 seconds
  Import took 0.004132 seconds .

========================================================================
Received Import Request.
  Time since last request: 0.000489 seconds.
  path: Assets/_Project/Scripts/Enemy/EnemySpawner.cs
  artifactKey: Guid(4b60e142d9ac41a429d53137d5ef74e3) Importer(815301076,1909f56bfc062723c751e8b465ee728b)
Start importing Assets/_Project/Scripts/Enemy/EnemySpawner.cs using Guid(4b60e142d9ac41a429d53137d5ef74e3) Importer(815301076,1909f56bfc062723c751e8b465ee728b)  -> (artifact id: 'b88e9d12153ea0d33faaec01e055a189') in 0.001932 seconds
  Import took 0.003549 seconds .

========================================================================
Received Import Request.
  Time since last request: 4.705504 seconds.
  path: Assets/_Project/Scripts/GameManager/GameManager.cs
  artifactKey: Guid(b9109133c8fa10e4784ac8150bf24677) Importer(815301076,1909f56bfc062723c751e8b465ee728b)
Start importing Assets/_Project/Scripts/GameManager/GameManager.cs using Guid(b9109133c8fa10e4784ac8150bf24677) Importer(815301076,1909f56bfc062723c751e8b465ee728b)  -> (artifact id: '0510eb68bb1c26954260c09ab2e67c9a') in 0.002089 seconds
  Import took 0.004058 seconds .

========================================================================
Received Import Request.
  Time since last request: 0.000484 seconds.
  path: Assets/_Project/Scripts/GameManager/GameManager.cs
  artifactKey: Guid(b9109133c8fa10e4784ac8150bf24677) Importer(815301076,1909f56bfc062723c751e8b465ee728b)
Start importing Assets/_Project/Scripts/GameManager/GameManager.cs using Guid(b9109133c8fa10e4784ac8150bf24677) Importer(815301076,1909f56bfc062723c751e8b465ee728b)  -> (artifact id: '0510eb68bb1c26954260c09ab2e67c9a') in 0.001559 seconds
  Import took 0.003103 seconds .

========================================================================
Received Import Request.
  Time since last request: 30.949971 seconds.
  path: Assets/_Project/Scripts/Camera/CameraBounds.cs
  artifactKey: Guid(d7e1e89518ad7d045ac4881c4b7a271f) Importer(815301076,1909f56bfc062723c751e8b465ee728b)
Start importing Assets/_Project/Scripts/Camera/CameraBounds.cs using Guid(d7e1e89518ad7d045ac4881c4b7a271f) Importer(815301076,1909f56bfc062723c751e8b465ee728b)  -> (artifact id: 'b9beca6070651088f30f2ce9de3771de') in 0.001950 seconds
  Import took 0.003849 seconds .

========================================================================
Received Import Request.
  Time since last request: 1.041149 seconds.
  path: Assets/_Project/Scripts/Camera/CameraFollow.cs
  artifactKey: Guid(5b3cf250342b5664290ef3444015300e) Importer(815301076,1909f56bfc062723c751e8b465ee728b)
Start importing Assets/_Project/Scripts/Camera/CameraFollow.cs using Guid(5b3cf250342b5664290ef3444015300e) Importer(815301076,1909f56bfc062723c751e8b465ee728b)  -> (artifact id: 'e8c0bb8e6e277a53be3949f1965200cf') in 0.001551 seconds
  Import took 0.003281 seconds .

========================================================================
Received Import Request.
  Time since last request: 2.666086 seconds.
  path: Assets/_Project/Scripts/EndGame/ActivateEndGame.cs
  artifactKey: Guid(89183732a2d737a43b8ae1f6640adbbf) Importer(815301076,1909f56bfc062723c751e8b465ee728b)
Start importing Assets/_Project/Scripts/EndGame/ActivateEndGame.cs using Guid(89183732a2d737a43b8ae1f6640adbbf) Importer(815301076,1909f56bfc062723c751e8b465ee728b)  -> (artifact id: '19ba064914fd6f15e782372d8401d99b') in 0.001567 seconds
  Import took 0.003435 seconds .

========================================================================
Received Import Request.
  Time since last request: 1.632131 seconds.
  path: Assets/_Project/Scripts/Enemy/Enemy.cs
  artifactKey: Guid(6b051c77668f6e54bac4f340c5c1177c) Importer(815301076,1909f56bfc062723c751e8b465ee728b)
Start importing Assets/_Project/Scripts/Enemy/Enemy.cs using Guid(6b051c77668f6e54bac4f340c5c1177c) Importer(815301076,1909f56bfc062723c751e8b465ee728b)  -> (artifact id: '2694634fc35083b1fd1a5fd3c3f98e28') in 0.001434 seconds
  Import took 0.003124 seconds .

========================================================================
Received Import Request.
  Time since last request: 0.003132 seconds.
  path: Assets/_Project/Scripts/Enemy/Enemy.cs
  artifactKey: Guid(6b051c77668f6e54bac4f340c5c1177c) Importer(815301076,1909f56bfc062723c751e8b465ee728b)
Start importing Assets/_Project/Scripts/Enemy/Enemy.cs using Guid(6b051c77668f6e54bac4f340c5c1177c) Importer(815301076,1909f56bfc062723c751e8b465ee728b)  -> (artifact id: '2694634fc35083b1fd1a5fd3c3f98e28') in 0.001739 seconds
  Import took 0.003306 seconds .

========================================================================
Received Import Request.
  Time since last request: 5.999830 seconds.
  path: Assets/_Project/Scripts/Hero/Hero.cs
  artifactKey: Guid(d694cddf13149854ba5e883c441aad23) Importer(815301076,1909f56bfc062723c751e8b465ee728b)
Start importing Assets/_Project/Scripts/Hero/Hero.cs using Guid(d694cddf13149854ba5e883c441aad23) Importer(815301076,1909f56bfc062723c751e8b465ee728b)  -> (artifact id: '1ecdc32a451950b5a20a84ebc2435c85') in 0.001978 seconds
  Import took 0.003960 seconds .

========================================================================
Received Import Request.
  Time since last request: 0.000528 seconds.
  path: Assets/_Project/Scripts/Hero/Hero.cs
  artifactKey: Guid(d694cddf13149854ba5e883c441aad23) Importer(815301076,1909f56bfc062723c751e8b465ee728b)
Start importing Assets/_Project/Scripts/Hero/Hero.cs using Guid(d694cddf13149854ba5e883c441aad23) Importer(815301076,1909f56bfc062723c751e8b465ee728b)  -> (artifact id: '1ecdc32a451950b5a20a84ebc2435c85') in 0.001530 seconds
  Import took 0.003116 seconds .

========================================================================
Received Import Request.
  Time since last request: 1.314188 seconds.
  path: Assets/_Project/Scripts/Hero/HeroController.cs
  artifactKey: Guid(93feaddd9cef6dd46a65836b881b27d0) Importer(815301076,1909f56bfc062723c751e8b465ee728b)
Start importing Assets/_Project/Scripts/Hero/HeroController.cs using Guid(93feaddd9cef6dd46a65836b881b27d0) Importer(815301076,1909f56bfc062723c751e8b465ee728b)  -> (artifact id: 'abe3fd889e79e3c93bed0320d4944a81') in 0.002176 seconds
  Import took 0.004336 seconds .

========================================================================
Received Import Request.
  Time since last request: 1.911414 seconds.
  path: Assets/_Project/Scripts/Menu/MenuManager.cs
  artifactKey: Guid(5bf131d610f46504aa9bf988ecb89ec5) Importer(815301076,1909f56bfc062723c751e8b465ee728b)
Start importing Assets/_Project/Scripts/Menu/MenuManager.cs using Guid(5bf131d610f46504aa9bf988ecb89ec5) Importer(815301076,1909f56bfc062723c751e8b465ee728b)  -> (artifact id: 'b13f85a356d1b8ed4f6bad050eeef728') in 0.001753 seconds
  Import took 0.003893 seconds .

========================================================================
Received Import Request.
  Time since last request: 1.255804 seconds.
  path: Assets/_Project/Scripts/Weapon/Projectile.cs
  artifactKey: Guid(2ac93ab7fc5b0fb47b31ac111944561f) Importer(815301076,1909f56bfc062723c751e8b465ee728b)
Start importing Assets/_Project/Scripts/Weapon/Projectile.cs using Guid(2ac93ab7fc5b0fb47b31ac111944561f) Importer(815301076,1909f56bfc062723c751e8b465ee728b)  -> (artifact id: '69fa8091c3c55f52d14c93e55b052bcd') in 0.001571 seconds
  Import took 0.003297 seconds .

AssetImportWorkerClient::OnTransportError - code=2 error=End of file
